2021-08-25 09:56:43 PM - [34mrequest[39m: GET -> from ::1 : Route -> /
2021-08-25 10:00:24 PM - [34mrequest[39m: GET -> from ::1 : Route -> /
2021-08-25 10:03:02 PM - [34MREQUEST[39M: GET -> from ::1 : Route -> /
2021-08-25 10:03:11 PM - [34mrequest[39m: GET -> from ::1 : Route -> /
2021-08-26 07:41:23 PM - [31merror[39m: Config validation error: "DB_URL" is required
2021-08-26 07:50:55 PM - [34mrequest[39m: GET -> from ::1 : Route -> /
2021-08-26 10:09:48 PM - [31merror[39m: MongoDB connection error: Error: querySrv ECONNREFUSED _mongodb._tcp.cluster0.k6djm.mongodb.net
2021-08-26 10:10:23 PM - [31merror[39m: MongoDB connection error: MongoError: bad auth : Authentication failed.
2021-08-26 10:14:01 PM - [31merror[39m: MongoDB connection error: MongoError: bad auth : Authentication failed.
2021-08-26 10:14:22 PM - [31merror[39m: MongoDB connection error: MongoError: bad auth : Authentication failed.
2021-08-26 10:14:39 PM - [31merror[39m: MongoDB connection error: MongoError: bad auth : Authentication failed.
2021-08-26 10:15:08 PM - [31merror[39m: MongoDB connection error: MongoError: bad auth : Authentication failed.
2021-08-26 10:16:28 PM - [31merror[39m: MongoError: bad auth : Authentication failed.
    at MessageStream.messageHandler (C:\Users\teach\Desktop\Projects\Personal\Graduation_Backend\node_modules\mongodb\lib\cmap\connection.js:272:20)
    at MessageStream.emit (events.js:400:28)
    at MessageStream.emit (domain.js:470:12)
    at processIncomingData (C:\Users\teach\Desktop\Projects\Personal\Graduation_Backend\node_modules\mongodb\lib\cmap\message_stream.js:144:12)
    at MessageStream._write (C:\Users\teach\Desktop\Projects\Personal\Graduation_Backend\node_modules\mongodb\lib\cmap\message_stream.js:42:5)
    at writeOrBuffer (internal/streams/writable.js:358:12)
    at MessageStream.Writable.write (internal/streams/writable.js:303:10)
    at TLSSocket.ondata (internal/streams/readable.js:726:22)
    at TLSSocket.emit (events.js:400:28)
    at TLSSocket.emit (domain.js:470:12)
    at addChunk (internal/streams/readable.js:290:12)
    at readableAddChunk (internal/streams/readable.js:265:9)
    at TLSSocket.Readable.push (internal/streams/readable.js:204:10)
    at TLSWrap.onStreamRead (internal/stream_base_commons.js:188:23)
2021-08-26 10:17:33 PM - [31merror[39m: MongoError: bad auth : Authentication failed.
    at MessageStream.messageHandler (C:\Users\teach\Desktop\Projects\Personal\Graduation_Backend\node_modules\mongodb\lib\cmap\connection.js:272:20)
    at MessageStream.emit (events.js:400:28)
    at MessageStream.emit (domain.js:470:12)
    at processIncomingData (C:\Users\teach\Desktop\Projects\Personal\Graduation_Backend\node_modules\mongodb\lib\cmap\message_stream.js:144:12)
    at MessageStream._write (C:\Users\teach\Desktop\Projects\Personal\Graduation_Backend\node_modules\mongodb\lib\cmap\message_stream.js:42:5)
    at writeOrBuffer (internal/streams/writable.js:358:12)
    at MessageStream.Writable.write (internal/streams/writable.js:303:10)
    at TLSSocket.ondata (internal/streams/readable.js:726:22)
    at TLSSocket.emit (events.js:400:28)
    at TLSSocket.emit (domain.js:470:12)
    at addChunk (internal/streams/readable.js:290:12)
    at readableAddChunk (internal/streams/readable.js:265:9)
    at TLSSocket.Readable.push (internal/streams/readable.js:204:10)
    at TLSWrap.onStreamRead (internal/stream_base_commons.js:188:23)
2021-08-26 10:19:01 PM - [31merror[39m: Server starts eror: MongoError: bad auth : Authentication failed.
2021-08-26 10:19:45 PM - [31merror[39m: MongoError: bad auth : Authentication failed.
    at MessageStream.messageHandler (C:\Users\teach\Desktop\Projects\Personal\Graduation_Backend\node_modules\mongodb\lib\cmap\connection.js:272:20)
    at MessageStream.emit (events.js:400:28)
    at MessageStream.emit (domain.js:470:12)
    at processIncomingData (C:\Users\teach\Desktop\Projects\Personal\Graduation_Backend\node_modules\mongodb\lib\cmap\message_stream.js:144:12)
    at MessageStream._write (C:\Users\teach\Desktop\Projects\Personal\Graduation_Backend\node_modules\mongodb\lib\cmap\message_stream.js:42:5)
    at writeOrBuffer (internal/streams/writable.js:358:12)
    at MessageStream.Writable.write (internal/streams/writable.js:303:10)
    at TLSSocket.ondata (internal/streams/readable.js:726:22)
    at TLSSocket.emit (events.js:400:28)
    at TLSSocket.emit (domain.js:470:12)
    at addChunk (internal/streams/readable.js:290:12)
    at readableAddChunk (internal/streams/readable.js:265:9)
    at TLSSocket.Readable.push (internal/streams/readable.js:204:10)
    at TLSWrap.onStreamRead (internal/stream_base_commons.js:188:23)
2021-08-26 10:20:49 PM - [31merror[39m: Error : MongoError: bad auth : Authentication failed.
2021-08-26 10:21:29 PM - [31merror[39m: MongoError: bad auth : Authentication failed.
    at MessageStream.messageHandler (C:\Users\teach\Desktop\Projects\Personal\Graduation_Backend\node_modules\mongodb\lib\cmap\connection.js:272:20)
    at MessageStream.emit (events.js:400:28)
    at MessageStream.emit (domain.js:470:12)
    at processIncomingData (C:\Users\teach\Desktop\Projects\Personal\Graduation_Backend\node_modules\mongodb\lib\cmap\message_stream.js:144:12)
    at MessageStream._write (C:\Users\teach\Desktop\Projects\Personal\Graduation_Backend\node_modules\mongodb\lib\cmap\message_stream.js:42:5)
    at writeOrBuffer (internal/streams/writable.js:358:12)
    at MessageStream.Writable.write (internal/streams/writable.js:303:10)
    at TLSSocket.ondata (internal/streams/readable.js:726:22)
    at TLSSocket.emit (events.js:400:28)
    at TLSSocket.emit (domain.js:470:12)
    at addChunk (internal/streams/readable.js:290:12)
    at readableAddChunk (internal/streams/readable.js:265:9)
    at TLSSocket.Readable.push (internal/streams/readable.js:204:10)
    at TLSWrap.onStreamRead (internal/stream_base_commons.js:188:23)
2021-08-26 10:22:35 PM - [31merror[39m: Server starts error: MongoError: bad auth : Authentication failed.
2021-08-26 10:23:08 PM - [31merror[39m: Fail to start server: MongoError: bad auth : Authentication failed.
2021-08-26 11:00:39 PM - [31merror[39m: Fail to start server: Error: MongoError: bad auth : Authentication failed.
2021-08-27 07:31:08 PM - [31merror[39m: Fail to start server: Error: MongoError: bad auth : Authentication failed.
2021-08-27 07:40:59 PM - [31merror[39m: Fail to start server: Error: MongoError: bad auth : Authentication failed.
2021-08-27 07:43:20 PM - [31merror[39m: Fail to start server: Error: MongoError: bad auth : Authentication failed.
2021-08-27 07:44:07 PM - [31merror[39m: Error: MongoError: bad auth : Authentication failed.
2021-08-27 07:44:27 PM - [31merror[39m: Fail to start server: Error: MongoError: bad auth : Authentication failed.
2021-08-27 07:45:07 PM - [34mrequest[39m: GET -> from ::1 : Route -> /
2021-08-27 07:45:07 PM - [34mrequest[39m: GET -> from ::1 : Route -> /favicon.ico
2021-08-27 07:56:28 PM - [34mrequest[39m: GET -> from ::1 : Route -> /
2021-08-27 07:58:36 PM - [34mrequest[39m: GET -> from ::1 : Route -> /adasdas
2021-08-27 07:59:04 PM - [34mrequest[39m: GET -> from ::1 : Route -> /sdfsf
2021-08-27 08:00:43 PM - [34mrequest[39m: GET -> from ::1 : Route -> /sdfsf
2021-08-27 08:00:43 PM - [31merror[39m: Requesting route not found
2021-08-27 08:03:40 PM - [34mrequest[39m: GET -> from ::1 : Route -> /
2021-08-27 08:03:46 PM - [34mrequest[39m: GET -> from ::1 : Route -> /users
2021-08-27 08:03:46 PM - [31merror[39m: Route /users -> not found
2021-08-27 08:05:31 PM - [34mrequest[39m: GET -> from ::1 : Route -> /users
2021-08-27 08:05:31 PM - [31merror[39m: Route /users not found
2021-08-27 08:06:45 PM - [34mrequest[39m: GET -> from ::1 : Route -> /users
2021-08-27 08:06:45 PM - [31merror[39m: Route /users not found
2021-08-27 08:07:50 PM - [34mrequest[39m: GET -> from ::1 : Route -> /users
2021-08-27 08:07:50 PM - [31merror[39m: Route /users not found
2021-08-27 08:07:58 PM - [34mrequest[39m: GET -> from ::1 : Route -> /
2021-08-27 08:08:05 PM - [34mrequest[39m: GET -> from ::1 : Route -> /k
2021-08-27 08:08:05 PM - [31merror[39m: Route /k not found
2021-08-27 08:08:08 PM - [34mrequest[39m: GET -> from ::1 : Route -> /
2021-08-27 08:08:14 PM - [34mrequest[39m: GET -> from ::1 : Route -> /
2021-08-27 08:08:14 PM - [34mrequest[39m: GET -> from ::1 : Route -> /
2021-08-27 08:08:15 PM - [34mrequest[39m: GET -> from ::1 : Route -> /
2021-08-27 08:08:15 PM - [34mrequest[39m: GET -> from ::1 : Route -> /
2021-08-27 08:08:15 PM - [34mrequest[39m: GET -> from ::1 : Route -> /
2021-08-27 08:09:00 PM - [34mrequest[39m: GET -> from ::1 : Route -> /
2021-08-27 08:09:01 PM - [34mrequest[39m: GET -> from ::1 : Route -> /
2021-08-27 08:09:01 PM - [34mrequest[39m: GET -> from ::1 : Route -> /
2021-08-27 08:09:01 PM - [34mrequest[39m: GET -> from ::1 : Route -> /
2021-08-27 08:09:02 PM - [34mrequest[39m: GET -> from ::1 : Route -> /
2021-08-27 08:09:02 PM - [34mrequest[39m: GET -> from ::1 : Route -> /
2021-08-27 08:09:02 PM - [34mrequest[39m: GET -> from ::1 : Route -> /
2021-08-27 08:09:02 PM - [34mrequest[39m: GET -> from ::1 : Route -> /
2021-08-27 08:09:02 PM - [34mrequest[39m: GET -> from ::1 : Route -> /
2021-08-27 08:09:02 PM - [34mrequest[39m: GET -> from ::1 : Route -> /
2021-08-27 08:09:03 PM - [34mrequest[39m: GET -> from ::1 : Route -> /
2021-08-27 08:09:03 PM - [34mrequest[39m: GET -> from ::1 : Route -> /
2021-08-27 08:09:03 PM - [34mrequest[39m: GET -> from ::1 : Route -> /
2021-08-27 08:09:03 PM - [34mrequest[39m: GET -> from ::1 : Route -> /
2021-08-27 08:09:03 PM - [34mrequest[39m: GET -> from ::1 : Route -> /
2021-08-27 08:09:03 PM - [34mrequest[39m: GET -> from ::1 : Route -> /
2021-08-27 08:09:03 PM - [34mrequest[39m: GET -> from ::1 : Route -> /
2021-08-27 08:09:14 PM - [34mrequest[39m: GET -> from ::1 : Route -> /
2021-08-27 08:09:14 PM - [34mrequest[39m: GET -> from ::1 : Route -> /
2021-08-27 08:09:14 PM - [34mrequest[39m: GET -> from ::1 : Route -> /
2021-08-27 08:09:14 PM - [34mrequest[39m: GET -> from ::1 : Route -> /
2021-08-27 08:09:14 PM - [34mrequest[39m: GET -> from ::1 : Route -> /
2021-08-27 08:09:14 PM - [34mrequest[39m: GET -> from ::1 : Route -> /
2021-08-27 08:09:15 PM - [34mrequest[39m: GET -> from ::1 : Route -> /
2021-08-27 08:09:15 PM - [34mrequest[39m: GET -> from ::1 : Route -> /
2021-08-27 08:09:15 PM - [34mrequest[39m: GET -> from ::1 : Route -> /
2021-08-27 08:09:15 PM - [34mrequest[39m: GET -> from ::1 : Route -> /
2021-08-27 08:09:15 PM - [34mrequest[39m: GET -> from ::1 : Route -> /
2021-08-27 08:09:15 PM - [34mrequest[39m: GET -> from ::1 : Route -> /
2021-08-27 08:09:16 PM - [34mrequest[39m: GET -> from ::1 : Route -> /
2021-08-27 08:09:16 PM - [34mrequest[39m: GET -> from ::1 : Route -> /
2021-08-27 08:09:16 PM - [34mrequest[39m: GET -> from ::1 : Route -> /
2021-08-27 08:09:16 PM - [34mrequest[39m: GET -> from ::1 : Route -> /
2021-08-27 08:09:16 PM - [34mrequest[39m: GET -> from ::1 : Route -> /
2021-08-27 08:09:16 PM - [34mrequest[39m: GET -> from ::1 : Route -> /
2021-08-27 08:09:17 PM - [34mrequest[39m: GET -> from ::1 : Route -> /
2021-08-27 08:09:17 PM - [34mrequest[39m: GET -> from ::1 : Route -> /
2021-08-27 08:09:17 PM - [34mrequest[39m: GET -> from ::1 : Route -> /
2021-08-27 08:09:17 PM - [34mrequest[39m: GET -> from ::1 : Route -> /
2021-08-27 08:09:18 PM - [34mrequest[39m: GET -> from ::1 : Route -> /
2021-08-27 08:09:18 PM - [34mrequest[39m: GET -> from ::1 : Route -> /
2021-08-27 08:09:18 PM - [34mrequest[39m: GET -> from ::1 : Route -> /
2021-08-27 08:09:18 PM - [34mrequest[39m: GET -> from ::1 : Route -> /
2021-08-27 08:09:18 PM - [34mrequest[39m: GET -> from ::1 : Route -> /
2021-08-27 08:09:18 PM - [34mrequest[39m: GET -> from ::1 : Route -> /
2021-08-27 08:09:19 PM - [34mrequest[39m: GET -> from ::1 : Route -> /
2021-08-27 08:09:19 PM - [34mrequest[39m: GET -> from ::1 : Route -> /
2021-08-27 08:09:19 PM - [34mrequest[39m: GET -> from ::1 : Route -> /
2021-08-27 08:09:19 PM - [34mrequest[39m: GET -> from ::1 : Route -> /
2021-08-27 08:09:19 PM - [34mrequest[39m: GET -> from ::1 : Route -> /
2021-08-27 08:09:19 PM - [34mrequest[39m: GET -> from ::1 : Route -> /
2021-08-27 08:09:20 PM - [34mrequest[39m: GET -> from ::1 : Route -> /
2021-08-27 08:09:20 PM - [34mrequest[39m: GET -> from ::1 : Route -> /
2021-08-27 08:09:20 PM - [34mrequest[39m: GET -> from ::1 : Route -> /
2021-08-27 08:09:20 PM - [34mrequest[39m: GET -> from ::1 : Route -> /
2021-08-27 08:09:20 PM - [34mrequest[39m: GET -> from ::1 : Route -> /
2021-08-27 08:09:21 PM - [34mrequest[39m: GET -> from ::1 : Route -> /
2021-08-27 08:09:21 PM - [34mrequest[39m: GET -> from ::1 : Route -> /
2021-08-27 08:09:21 PM - [34mrequest[39m: GET -> from ::1 : Route -> /
2021-08-27 08:09:21 PM - [34mrequest[39m: GET -> from ::1 : Route -> /
2021-08-27 08:09:21 PM - [34mrequest[39m: GET -> from ::1 : Route -> /
2021-08-27 08:09:21 PM - [34mrequest[39m: GET -> from ::1 : Route -> /
2021-08-27 08:09:22 PM - [34mrequest[39m: GET -> from ::1 : Route -> /
2021-08-27 08:09:22 PM - [34mrequest[39m: GET -> from ::1 : Route -> /
2021-08-27 08:09:22 PM - [34mrequest[39m: GET -> from ::1 : Route -> /
2021-08-27 08:09:22 PM - [34mrequest[39m: GET -> from ::1 : Route -> /
2021-08-27 08:09:22 PM - [34mrequest[39m: GET -> from ::1 : Route -> /
2021-08-27 08:09:23 PM - [34mrequest[39m: GET -> from ::1 : Route -> /
2021-08-27 08:09:23 PM - [34mrequest[39m: GET -> from ::1 : Route -> /
2021-08-27 08:09:23 PM - [34mrequest[39m: GET -> from ::1 : Route -> /
2021-08-27 08:09:23 PM - [34mrequest[39m: GET -> from ::1 : Route -> /
2021-08-27 08:09:23 PM - [34mrequest[39m: GET -> from ::1 : Route -> /
2021-08-27 08:09:23 PM - [34mrequest[39m: GET -> from ::1 : Route -> /
2021-08-27 08:10:34 PM - [34mrequest[39m: GET -> from ::1 : Route -> /
2021-08-27 08:10:34 PM - [34mrequest[39m: GET -> from ::1 : Route -> /
2021-08-27 08:10:35 PM - [34mrequest[39m: GET -> from ::1 : Route -> /
2021-08-27 08:10:35 PM - [34mrequest[39m: GET -> from ::1 : Route -> /
2021-08-27 08:10:36 PM - [34mrequest[39m: GET -> from ::1 : Route -> /
2021-08-27 08:10:36 PM - [34mrequest[39m: GET -> from ::1 : Route -> /
2021-08-27 08:10:36 PM - [34mrequest[39m: GET -> from ::1 : Route -> /
2021-08-27 08:10:37 PM - [34mrequest[39m: GET -> from ::1 : Route -> /
2021-08-27 08:10:37 PM - [34mrequest[39m: GET -> from ::1 : Route -> /
2021-08-27 08:10:37 PM - [34mrequest[39m: GET -> from ::1 : Route -> /
2021-08-27 08:10:37 PM - [34mrequest[39m: GET -> from ::1 : Route -> /
2021-08-27 08:11:25 PM - [34mrequest[39m: GET -> from ::1 : Route -> /
2021-08-27 08:11:25 PM - [34mrequest[39m: GET -> from ::1 : Route -> /
2021-08-27 08:11:26 PM - [34mrequest[39m: GET -> from ::1 : Route -> /
2021-08-27 08:11:26 PM - [34mrequest[39m: GET -> from ::1 : Route -> /
2021-08-27 08:11:27 PM - [34mrequest[39m: GET -> from ::1 : Route -> /
2021-08-27 08:11:27 PM - [34mrequest[39m: GET -> from ::1 : Route -> /
2021-08-27 08:11:28 PM - [34mrequest[39m: GET -> from ::1 : Route -> /
2021-08-27 08:11:28 PM - [34mrequest[39m: GET -> from ::1 : Route -> /
2021-08-27 08:11:29 PM - [34mrequest[39m: GET -> from ::1 : Route -> /
2021-08-27 08:11:29 PM - [34mrequest[39m: GET -> from ::1 : Route -> /
2021-08-27 08:11:30 PM - [34mrequest[39m: GET -> from ::1 : Route -> /
2021-08-27 08:11:30 PM - [34mrequest[39m: GET -> from ::1 : Route -> /
2021-08-27 08:11:30 PM - [34mrequest[39m: GET -> from ::1 : Route -> /
2021-08-27 08:11:31 PM - [34mrequest[39m: GET -> from ::1 : Route -> /
2021-08-27 08:11:31 PM - [34mrequest[39m: GET -> from ::1 : Route -> /
2021-08-27 08:11:32 PM - [34mrequest[39m: GET -> from ::1 : Route -> /
2021-08-27 08:11:32 PM - [34mrequest[39m: GET -> from ::1 : Route -> /
2021-08-27 08:11:32 PM - [34mrequest[39m: GET -> from ::1 : Route -> /
2021-08-27 08:11:33 PM - [34mrequest[39m: GET -> from ::1 : Route -> /
2021-08-27 08:11:33 PM - [34mrequest[39m: GET -> from ::1 : Route -> /
2021-08-27 08:12:45 PM - [34mrequest[39m: GET -> from ::1 : Route -> /
2021-08-27 08:12:46 PM - [34mrequest[39m: GET -> from ::1 : Route -> /
2021-08-27 08:12:46 PM - [34mrequest[39m: GET -> from ::1 : Route -> /
2021-08-27 08:12:47 PM - [34mrequest[39m: GET -> from ::1 : Route -> /
2021-08-27 08:12:47 PM - [34mrequest[39m: GET -> from ::1 : Route -> /
2021-08-27 08:12:54 PM - [34mrequest[39m: GET -> from ::1 : Route -> /
2021-08-27 08:12:55 PM - [34mrequest[39m: GET -> from ::1 : Route -> /
2021-08-27 08:12:55 PM - [34mrequest[39m: GET -> from ::1 : Route -> /
2021-08-27 08:12:55 PM - [34mrequest[39m: GET -> from ::1 : Route -> /
2021-08-27 08:12:56 PM - [34mrequest[39m: GET -> from ::1 : Route -> /
request: GET -> from ::1 : Route -> /
error: TypeError: tokens.22 is not a function
request: GET -> from ::1 : Route -> /favicon.ico
error: Route /favicon.ico not found
error: TypeError: tokens.22 is not a function
request: GET -> from ::1 : Route -> /
error: TypeError: tokens.24 is not a function
error: TypeError: tokens.24 is not a function
request: 2021-08-30 07:30:38 PM - GET / 304 - 1.720 ms
request: Mon, 30 Aug 2021 12:31:50 GMT GET / 304 - 1.724 ms
request: 2021-08-30 07:32:16 PM - GET / 304 - 1.744 ms
request: 2021-08-30 07:36:27 PM - GET / 304 - 1.833 ms
request: 2021-08-30 07:38:39 PM - GET / 304 - 1.993 ms
error: 2021-08-30 07:54:41 PM - Route /users not found
error: TypeError: tokens.message is not a function
    at eval (eval at compile (C:\Users\teach\Desktop\Projects\Personal\Graduation_Backend\node_modules\morgan\index.js:411:10), <anonymous>:9:23)
    at Array.logRequest (C:\Users\teach\Desktop\Projects\Personal\Graduation_Backend\node_modules\morgan\index.js:122:18)
    at listener (C:\Users\teach\Desktop\Projects\Personal\Graduation_Backend\node_modules\on-finished\index.js:169:15)
    at onFinish (C:\Users\teach\Desktop\Projects\Personal\Graduation_Backend\node_modules\on-finished\index.js:100:5)
    at callback (C:\Users\teach\Desktop\Projects\Personal\Graduation_Backend\node_modules\ee-first\index.js:55:10)
    at ServerResponse.onevent (C:\Users\teach\Desktop\Projects\Personal\Graduation_Backend\node_modules\ee-first\index.js:93:5)
    at ServerResponse.emit (events.js:412:35)
    at ServerResponse.emit (domain.js:470:12)
    at onFinish (_http_outgoing.js:792:10)
    at afterWrite (internal/streams/writable.js:466:5)
    at afterWriteTick (internal/streams/writable.js:453:10)
    at processTicksAndRejections (internal/process/task_queues.js:81:21)
error: 2021-08-30 07:54:43 PM - Route /user not found
error: TypeError: tokens.message is not a function
    at eval (eval at compile (C:\Users\teach\Desktop\Projects\Personal\Graduation_Backend\node_modules\morgan\index.js:411:10), <anonymous>:9:23)
    at Array.logRequest (C:\Users\teach\Desktop\Projects\Personal\Graduation_Backend\node_modules\morgan\index.js:122:18)
    at listener (C:\Users\teach\Desktop\Projects\Personal\Graduation_Backend\node_modules\on-finished\index.js:169:15)
    at onFinish (C:\Users\teach\Desktop\Projects\Personal\Graduation_Backend\node_modules\on-finished\index.js:100:5)
    at callback (C:\Users\teach\Desktop\Projects\Personal\Graduation_Backend\node_modules\ee-first\index.js:55:10)
    at ServerResponse.onevent (C:\Users\teach\Desktop\Projects\Personal\Graduation_Backend\node_modules\ee-first\index.js:93:5)
    at ServerResponse.emit (events.js:412:35)
    at ServerResponse.emit (domain.js:470:12)
    at onFinish (_http_outgoing.js:792:10)
    at afterWrite (internal/streams/writable.js:466:5)
    at afterWriteTick (internal/streams/writable.js:453:10)
    at processTicksAndRejections (internal/process/task_queues.js:81:21)
error: 2021-08-30 07:55:37 PM - Route /user not found
request: 2021-08-30 07:55:37 PM - GET /user 404 - 6.299 ms -
request: 2021-08-30 07:56:33 PM - GET / 304 - 1.782 ms
error: 2021-08-30 07:56:34 PM - Route /favicon.ico not found
request: 2021-08-30 07:56:34 PM - GET /favicon.ico 404 - 12.816 ms - message: -
request: 2021-08-30 07:58:27 PM - GET / 304 - 2.185 ms
error: 2021-08-30 07:58:31 PM - Route /eradf not found
request: 2021-08-30 07:58:31 PM - GET /eradf 404 - 6.994 ms - message: error
error: 2021-08-30 07:58:42 PM - Route /user not found
request: 2021-08-30 07:58:42 PM - GET /user 404 - 2.929 ms - message: error
error: 2021-08-30 07:59:04 PM - Route /user not found
error: 2021-08-30 07:59:04 PM - GET /user 404 - 9.477 ms - message: error
error: 2021-08-30 07:59:24 PM - GET /user 404 - 1.112 ms - message: error
error: 2021-08-30 07:59:43 PM - GET /user 404 - 1.101 ms - message: error
error: 2021-08-30 08:00:15 PM - GET /user 404 - 1.242 ms - message: error
error: 2021-08-30 08:00:17 PM - GET /user/12 404 - 0.358 ms - message: error
error: 2021-08-30 08:01:15 PM - GET /v1/user 404 - 0.189 ms - message: error
error: 2021-08-30 08:01:24 PM - GET /api/v1/user 404 - 0.198 ms - message: error
request: 2021-08-30 08:01:46 PM - GET /api/v1/user 200 - 1.814 ms
request: 2021-08-30 08:07:43 PM - GET /api/v1/user 304 - 3.862 ms
request: 2021-08-30 08:12:23 PM - GET /api/v1/user 304 - 4.409 ms
request: 2021-08-30 08:12:43 PM - GET /api/v1/user 304 - 1.636 ms
error: 2021-08-30 08:12:48 PM - GET /api/v1/user/2 404 - 1.370 ms - message: error
error: 2021-08-30 08:18:27 PM - GET /api/v1/user/2 404 - 1.624 ms - message: error
error: TypeError: Cannot read property 'locals' of undefined
    at Function.message (C:\Users\teach\Desktop\Projects\Personal\Graduation_Backend\config\/morgan.js:7:48)
    at eval (eval at compile (C:\Users\teach\Desktop\Projects\Personal\Graduation_Backend\node_modules\morgan\index.js:411:10), <anonymous>:9:23)
    at Array.logRequest (C:\Users\teach\Desktop\Projects\Personal\Graduation_Backend\node_modules\morgan\index.js:122:18)
    at listener (C:\Users\teach\Desktop\Projects\Personal\Graduation_Backend\node_modules\on-finished\index.js:169:15)
    at onFinish (C:\Users\teach\Desktop\Projects\Personal\Graduation_Backend\node_modules\on-finished\index.js:100:5)
    at callback (C:\Users\teach\Desktop\Projects\Personal\Graduation_Backend\node_modules\ee-first\index.js:55:10)
    at ServerResponse.onevent (C:\Users\teach\Desktop\Projects\Personal\Graduation_Backend\node_modules\ee-first\index.js:93:5)
    at ServerResponse.emit (events.js:412:35)
    at ServerResponse.emit (domain.js:470:12)
    at onFinish (_http_outgoing.js:792:10)
    at callback (internal/streams/writable.js:513:21)
    at afterWrite (internal/streams/writable.js:466:5)
    at afterWriteTick (internal/streams/writable.js:453:10)
    at processTicksAndRejections (internal/process/task_queues.js:81:21)
error: 2021-08-30 08:19:09 PM - GET /api/v1/user/2 404 - 1.549 ms - message: error
error: 2021-08-30 08:20:27 PM - GET /api/v1/user/2 404 - 1.359 ms - message: error
error: 2021-08-30 08:21:31 PM - GET /api/v1/user/2 404 - 1.478 ms - message: error
error: 2021-08-30 08:26:12 PM - GET /api/v1/user/2 404 - 1.325 ms - message: error occured
request: 2021-08-30 08:26:23 PM - GET /api/v1/user 304 - 2.435 ms
request: 2021-08-30 08:27:26 PM - GET /api/v1/user 304 - 1.860 ms
error: 2021-08-30 08:27:30 PM - GET /api/v1/user/123 404 - 1.514 ms - message: error occured
error: 2021-08-30 08:30:24 PM - GET /api/v1/user/123 404 - 1.420 ms - message: error occured
error: 2021-08-30 08:30:53 PM - GET /api/v1/user/123 404 - 1.489 ms - message: error occured
error: 2021-08-30 08:32:36 PM - GET /api/v1/user/123 404 - 2.280 ms - message: error occured
request: 2021-08-30 09:42:42 PM - GET /api/v1/user 200 - 3015.217 ms
request: 2021-08-30 09:42:48 PM - GET /api/v1/user 200 - 3011.053 ms
request: 2021-08-30 09:43:02 PM - GET /api/v1/user 200 - 3008.024 ms
request: 2021-08-30 09:43:06 PM - GET /api/v1/user 200 - 3003.050 ms
request: 2021-08-30 09:43:37 PM - GET /api/v1/user 200 - 3008.629 ms
request: 2021-08-30 09:43:53 PM - POST /api/v1/user 201 - 5012.529 ms
request: 2021-08-30 09:44:46 PM - GET /api/v1/user 200 - 1.805 ms
error: 2021-08-30 09:56:25 PM - PATCH /api/v1/user 404 - 1.665 ms - message: error occured
error: 2021-08-30 09:57:32 PM - PATCH /api/v1/user 404 - 1.376 ms - message: error occured
error: 2021-08-30 09:58:10 PM - PATCH /api/v1/user 404 - 2.083 ms - message: error occured
request: 2021-08-30 09:58:30 PM - PATCH /api/v1/user/1 200 - 2029.252 ms
error: Error: User not found
    at _callee4$ (C:\Users\teach\Desktop\Projects\Personal\Graduation_Backend\controllers\/user.controller.js:39:15)
    at tryCatch (C:\Users\teach\Desktop\Projects\Personal\Graduation_Backend\node_modules\regenerator-runtime\runtime.js:63:40)
    at Generator.invoke [as _invoke] (C:\Users\teach\Desktop\Projects\Personal\Graduation_Backend\node_modules\regenerator-runtime\runtime.js:294:22)
    at Generator.next (C:\Users\teach\Desktop\Projects\Personal\Graduation_Backend\node_modules\regenerator-runtime\runtime.js:119:21)
    at asyncGeneratorStep (C:\Users\teach\Desktop\Projects\Personal\Graduation_Backend\controllers\user.controller.js:16:103)
    at _next (C:\Users\teach\Desktop\Projects\Personal\Graduation_Backend\controllers\user.controller.js:18:194)
error: 2021-08-30 10:03:09 PM - PATCH /api/v1/user/1 404 - 2030.469 ms - message: User not found
error: Error: User not found
    at _callee4$ (C:\Users\teach\Desktop\Projects\Personal\Graduation_Backend\controllers\/user.controller.js:39:15)
    at tryCatch (C:\Users\teach\Desktop\Projects\Personal\Graduation_Backend\node_modules\regenerator-runtime\runtime.js:63:40)
    at Generator.invoke [as _invoke] (C:\Users\teach\Desktop\Projects\Personal\Graduation_Backend\node_modules\regenerator-runtime\runtime.js:294:22)
    at Generator.next (C:\Users\teach\Desktop\Projects\Personal\Graduation_Backend\node_modules\regenerator-runtime\runtime.js:119:21)
    at asyncGeneratorStep (C:\Users\teach\Desktop\Projects\Personal\Graduation_Backend\controllers\user.controller.js:16:103)
    at _next (C:\Users\teach\Desktop\Projects\Personal\Graduation_Backend\controllers\user.controller.js:18:194)
error: 2021-08-30 10:04:14 PM - PATCH /api/v1/user/1 404 - 2054.144 ms - message: User not found
request: 2021-08-30 10:05:08 PM - GET / 304 - 2.493 ms
error: 2021-08-30 10:05:11 PM - GET /api/v1/user23 404 - 1.958 ms - message: error occured
error: 2021-08-30 10:05:35 PM - PATCH /api/v1/use121 404 - 1.100 ms - message: error occured
error: 2021-08-30 10:06:02 PM - PATCH /api/v1/use121 404 - 1.365 ms - message: route not found
error: 2021-08-30 10:07:10 PM - PATCH /api/v1/use121 404 - 1.555 ms - message: route not found
error: Error: User not found
    at _callee4$ (C:\Users\teach\Desktop\Projects\Personal\Graduation_Backend\controllers\/user.controller.js:36:15)
    at tryCatch (C:\Users\teach\Desktop\Projects\Personal\Graduation_Backend\node_modules\regenerator-runtime\runtime.js:63:40)
    at Generator.invoke [as _invoke] (C:\Users\teach\Desktop\Projects\Personal\Graduation_Backend\node_modules\regenerator-runtime\runtime.js:294:22)
    at Generator.next (C:\Users\teach\Desktop\Projects\Personal\Graduation_Backend\node_modules\regenerator-runtime\runtime.js:119:21)
    at asyncGeneratorStep (C:\Users\teach\Desktop\Projects\Personal\Graduation_Backend\controllers\user.controller.js:16:103)
    at _next (C:\Users\teach\Desktop\Projects\Personal\Graduation_Backend\controllers\user.controller.js:18:194)
error: 2021-08-30 10:07:19 PM - PATCH /api/v1/user/2 404 - 2016.515 ms - message: User not found
error: Error: User not found
    at _callee4$ (C:\Users\teach\Desktop\Projects\Personal\Graduation_Backend\controllers\/user.controller.js:36:15)
    at tryCatch (C:\Users\teach\Desktop\Projects\Personal\Graduation_Backend\node_modules\regenerator-runtime\runtime.js:63:40)
    at Generator.invoke [as _invoke] (C:\Users\teach\Desktop\Projects\Personal\Graduation_Backend\node_modules\regenerator-runtime\runtime.js:294:22)
    at Generator.next (C:\Users\teach\Desktop\Projects\Personal\Graduation_Backend\node_modules\regenerator-runtime\runtime.js:119:21)
    at asyncGeneratorStep (C:\Users\teach\Desktop\Projects\Personal\Graduation_Backend\controllers\user.controller.js:16:103)
    at _next (C:\Users\teach\Desktop\Projects\Personal\Graduation_Backend\controllers\user.controller.js:18:194)
error: 2021-08-30 10:08:00 PM - PATCH /api/v1/user/2 404 - 2025.657 ms - message: User not found
error: 2021-08-30 10:08:46 PM - PATCH /api/v1/user/2 404 - 2015.241 ms - message: User not found
error: Error: User not found
    at _callee4$ (C:\Users\teach\Desktop\Projects\Personal\Graduation_Backend\controllers\/user.controller.js:36:15)
    at tryCatch (C:\Users\teach\Desktop\Projects\Personal\Graduation_Backend\node_modules\regenerator-runtime\runtime.js:63:40)
    at Generator.invoke [as _invoke] (C:\Users\teach\Desktop\Projects\Personal\Graduation_Backend\node_modules\regenerator-runtime\runtime.js:294:22)
    at Generator.next (C:\Users\teach\Desktop\Projects\Personal\Graduation_Backend\node_modules\regenerator-runtime\runtime.js:119:21)
    at asyncGeneratorStep (C:\Users\teach\Desktop\Projects\Personal\Graduation_Backend\controllers\user.controller.js:16:103)
    at _next (C:\Users\teach\Desktop\Projects\Personal\Graduation_Backend\controllers\user.controller.js:18:194)
error: 2021-08-30 10:09:15 PM - PATCH /api/v1/user/2 404 - 2038.626 ms - message: User not found
error: 2021-08-30 10:09:45 PM - PATCH /api/v1/user/2 404 - 2017.344 ms - message: User not found
error: 2021-08-30 10:10:28 PM - PATCH /api/v1/user/2 404 - 2009.028 ms - message: User not found
error: 2021-08-30 10:12:35 PM - PATCH /api/v1/user/2 404 - 2021.297 ms - message: User not found
error: 2021-08-30 10:12:39 PM - PATCH /api/v1/user/2 404 - 2003.300 ms - message: User not found
error: 2021-08-30 10:14:09 PM - PATCH /api/v1/user/2 404 - 2026.424 ms - message: User not found
error: 2021-08-30 10:14:12 PM - PATCH /api/v1/user/2 404 - 2014.560 ms - message: User not found
request: 2021-08-30 10:14:32 PM - PATCH /api/v1/user/2 200 - 2019.911 ms
request: 2021-08-30 10:14:43 PM - PATCH /api/v1/user/2 200 - 2003.420 ms
request: 2021-08-30 10:14:46 PM - PATCH /api/v1/user/2 200 - 2014.499 ms
request: 2021-08-30 10:14:49 PM - PATCH /api/v1/user/2 200 - 2006.185 ms
error: 2021-08-30 10:14:51 PM - PATCH /api/v1/user/2 404 - 2017.847 ms - message: User not found
request: 2021-08-30 10:15:02 PM - PATCH /api/v1/user/2 200 - 2018.726 ms
error: 2021-08-30 10:15:05 PM - PATCH /api/v1/user/2 404 - 2010.034 ms - message: User not found
error: 2021-08-30 10:17:06 PM - PATCH /api/v1/user2 404 - 1.167 ms - message: route not found
request: 2021-08-30 10:17:42 PM - GET /api/v1/user 200 - 3002.924 ms
request: 2021-08-30 10:17:53 PM - GET /api/v1/user/1 200 - 2011.710 ms
request: 2021-08-30 10:18:08 PM - POST /api/v1/user 201 - 5012.335 ms
error: 2021-08-30 10:18:16 PM - POST /api/v1/user/1 404 - 0.448 ms - message: route not found
error: 2021-08-30 10:18:24 PM - PATCH /api/v1/user/1 404 - 2007.597 ms - message: User not found
request: 2021-08-30 10:18:30 PM - PATCH /api/v1/user/1 200 - 2008.809 ms
request: 2021-08-31 10:16:58 PM - POST /api/v1/user - - - ms
error: 2021-08-31 10:17:10 PM - POST /api/v1/user 400 - 10007.664 ms - message: Operation `users.insertOne()` buffering timed out after 10000ms
error: 2021-08-31 10:43:12 PM - POST /api/v1/user 400 - 10015.428 ms - message: Operation `users.insertOne()` buffering timed out after 10000ms
request: 2021-08-31 10:43:51 PM - POST /api/v1/user 201 - 34.803 ms
request: 2021-08-31 10:52:01 PM - GET /api/v1/user?name=user&age=12 200 - 3004.658 ms
request: 2021-08-31 10:52:23 PM - GET /api/v1/user?name=user&age=12 200 - 3020.023 ms
request: 2021-08-31 11:16:44 PM - GET /api/v1/user/612e4e3778d91e365cfb7586 200 - 19.136 ms
request: 2021-09-01 09:54:36 PM - GET /api/v1/user 200 - 28.360 ms
request: 2021-09-01 09:57:16 PM - GET /api/v1/user 200 - 22.220 ms
request: 2021-09-01 09:57:20 PM - POST /api/v1/user 201 - 26.530 ms
request: 2021-09-01 09:57:26 PM - GET /api/v1/user 200 - 4.726 ms
request: 2021-09-01 09:58:34 PM - GET /api/v1/user 200 - 2.345 ms
request: 2021-09-01 10:04:07 PM - GET /api/v1/user 200 - 1.920 ms
request: 2021-09-01 10:05:08 PM - GET /api/v1/user 200 - 1.740 ms
request: 2021-09-01 10:12:24 PM - GET /api/v1/user/612f984d63c1add0861e7088 200 - 18.795 ms
request: 2021-09-01 10:17:16 PM - PATCH /api/v1/user/612f94d0652e9d4bd8c2fbff 200 - 25.130 ms
request: 2021-09-01 10:18:49 PM - PATCH /api/v1/user/612f94d0652e9d4bd8c2fbff 200 - 4.912 ms
request: 2021-09-01 10:19:48 PM - PATCH /api/v1/user/612f94d0652e9d4bd8c2fbff 200 - 28.703 ms
error: 2021-09-01 10:20:33 PM - PATCH /api/v1/user/612f94d0652e9d4bd8c2fbff 500 - 32.170 ms - message: "user" is read-only
error: 2021-09-01 10:20:45 PM - PATCH /api/v1/user/612f94d0652e9d4bd8c2fbff 500 - 3.364 ms - message: "user" is read-only
error: 2021-09-01 10:21:25 PM - PATCH /api/v1/user/612f94d0652e9d4bd8c2fbff 500 - 27.971 ms - message: user.save is not a function
error: 2021-09-01 10:21:43 PM - PATCH /api/v1/user/612f94d0652e9d4bd8c2fbff 500 - 28.261 ms - message: user.save is not a function
request: 2021-09-01 10:22:33 PM - PATCH /api/v1/user/612f94d0652e9d4bd8c2fbff 200 - 34.852 ms
error: 2021-09-01 10:22:46 PM - PATCH /api/v1/user/612f94d0652e9d4bd8c2fbff 500 - 26.827 ms - message: user.save is not a function
request: 2021-09-01 10:23:13 PM - PATCH /api/v1/user/612f94d0652e9d4bd8c2fbff 200 - 42.559 ms
request: 2021-09-01 10:23:48 PM - PATCH /api/v1/user/612f94d0652e9d4bd8c2fbff 200 - 31.889 ms
request: 2021-09-01 10:24:16 PM - PATCH /api/v1/user/612f94d0652e9d4bd8c2fbff 200 - 34.675 ms
request: 2021-09-01 10:26:18 PM - PATCH /api/v1/user/612f94d0652e9d4bd8c2fbff 200 - 41.564 ms
request: 2021-09-01 10:26:43 PM - PATCH /api/v1/user/612f94d0652e9d4bd8c2fbff 200 - 34.344 ms
request: 2021-09-01 10:36:03 PM - PATCH /api/v1/user/612f94d0652e9d4bd8c2fbff 200 - 13.231 ms
request: 2021-09-01 10:36:29 PM - PATCH /api/v1/user/612f94d0652e9d4bd8c2fbff 200 - 38.396 ms
request: 2021-09-01 10:36:40 PM - PATCH /api/v1/user/612f94d0652e9d4bd8c2fbff 200 - 7.652 ms
request: 2021-09-01 10:39:33 PM - PATCH /api/v1/user/612f94d0652e9d4bd8c2fbff 200 - 39.373 ms
error: 2021-09-01 10:47:33 PM - PATCH /api/v1/user/612f94d0652e9d4bd8c2fbff 500 - 34.105 ms - message: user.save is not a function
error: 2021-09-01 10:48:52 PM - PATCH /api/v1/user/612f94d0652e9d4bd8c2fbff 500 - 40.129 ms - message: E11000 duplicate key error collection: GraduationProjectDB.users index: _id_ dup key: { _id: ObjectId('612f94d0652e9d4bd8c2fbff') }
error: 2021-09-01 10:50:16 PM - PATCH /api/v1/user/612f94d0652e9d4bd8c2fbff 500 - 22.151 ms - message: id is not defined
request: 2021-09-01 10:50:26 PM - PATCH /api/v1/user/612f94d0652e9d4bd8c2fbff 200 - 26.362 ms
request: 2021-09-01 10:51:13 PM - PATCH /api/v1/user/612f94d0652e9d4bd8c2fbff 200 - 30.156 ms
request: 2021-09-01 10:51:53 PM - PATCH /api/v1/user/612f94d0652e9d4bd8c2fbff 200 - 35.265 ms
request: 2021-09-01 10:52:14 PM - PATCH /api/v1/user/612f94d0652e9d4bd8c2fbff 200 - 35.270 ms
request: 2021-09-01 10:52:51 PM - PATCH /api/v1/user/612f94d0652e9d4bd8c2fbff 200 - 34.614 ms
request: 2021-09-01 10:53:54 PM - PATCH /api/v1/user/612f94d0652e9d4bd8c2fbff 200 - 38.316 ms
error: 2021-09-01 10:54:38 PM - PATCH /api/v1/user/612f94d0652e9d4bd8c2fbff 500 - 27.258 ms - message: user.findByIdAndUpdate is not a function
error: 2021-09-01 10:55:15 PM - PATCH /api/v1/user/612f94d0652e9d4bd8c2fbff 500 - 26.102 ms - message: user.findByIdAndUpdate is not a function
error: 2021-09-02 09:22:36 PM - GET /api/v1/user 401 - 5.453 ms - message: Please authenticate
request: 2021-09-02 09:24:59 PM - GET /api/v1/user 200 - 38.303 ms
request: 2021-09-02 09:35:46 PM - GET /api/v1/user - - - ms
error: 2021-09-02 09:36:07 PM - GET /api/v1/user 401 - 2.607 ms - message: Please authenticate
error: 2021-09-03 12:16:06 PM - POST /api/v1/auth 404 - 1.525 ms - message: route not found
error: 2021-09-03 12:16:18 PM - POST /api/v1/auth/login 404 - 2.341 ms - message: route not found
error: 2021-09-03 12:19:06 PM - POST /api/v1/auth/login 500 - 7.660 ms - message: passwrd is not defined
error: 2021-09-03 12:19:22 PM - POST /api/v1/auth/login 500 - 43.778 ms - message: user.isPasswordMatch is not a function
error: 2021-09-03 12:19:44 PM - POST /api/v1/auth/login 500 - 31.981 ms - message: user.isPasswordMatch is not a function
error: 2021-09-03 12:20:16 PM - POST /api/v1/auth/login 500 - 32.504 ms - message: user.isPasswordMatch is not a function
error: 2021-09-03 12:21:12 PM - POST /api/v1/auth/login 500 - 41.003 ms - message: user.isPasswordMatch is not a function
error: 2021-09-03 12:22:08 PM - POST /api/v1/auth/login 500 - 32.488 ms - message: data and hash arguments required
error: 2021-09-03 12:24:36 PM - POST /api/v1/auth/login 500 - 29.830 ms - message: data and salt arguments required
error: 2021-09-03 12:25:34 PM - POST /api/v1/auth/login 500 - 39.701 ms - message: data and salt arguments required
error: 2021-09-03 12:25:49 PM - POST /api/v1/auth/login 500 - 94.573 ms - message: data and hash arguments required
error: 2021-09-03 12:26:00 PM - POST /api/v1/auth/login 500 - 100.097 ms - message: data and hash arguments required
error: 2021-09-03 12:26:48 PM - POST /api/v1/auth/login 401 - 8.045 ms - message: Incorrect email or password
error: 2021-09-03 12:26:54 PM - POST /api/v1/auth/login 401 - 4.424 ms - message: Incorrect email or password
error: 2021-09-03 12:27:38 PM - POST /api/v1/auth/login 401 - 15.847 ms - message: Incorrect email or password
request: 2021-09-03 12:29:44 PM - POST /api/v1/auth/login 200 - 164.519 ms
request: 2021-09-03 12:30:14 PM - POST /api/v1/auth/login 200 - 176.143 ms
error: 2021-09-03 12:30:18 PM - POST /api/v1/auth/login 401 - 181.677 ms - message: Incorrect email or password
request: 2021-09-03 12:31:02 PM - POST /api/v1/auth/login 200 - 158.535 ms
error: 2021-09-03 12:31:06 PM - POST /api/v1/auth/login 401 - 6.459 ms - message: Incorrect email or password
error: 2021-09-03 12:31:25 PM - POST /api/v1/auth/login 500 - 26.885 ms - message: data and hash arguments required
error: 2021-09-03 12:31:46 PM - POST /api/v1/auth/login 500 - 14.965 ms - message: data and hash arguments required
error: 2021-09-03 12:32:00 PM - POST /api/v1/auth/login 500 - 26.604 ms - message: data and hash arguments required
error: 2021-09-03 12:32:16 PM - POST /api/v1/auth/login 500 - 29.180 ms - message: data and hash arguments required
error: 2021-09-03 12:33:03 PM - POST /api/v1/auth/login 500 - 29.503 ms - message: data and hash arguments required
error: 2021-09-03 12:33:40 PM - POST /api/v1/auth/login 500 - 33.570 ms - message: data and hash arguments required
error: 2021-09-03 12:34:07 PM - POST /api/v1/auth/login 500 - 31.118 ms - message: data and hash arguments required
error: 2021-09-03 12:34:41 PM - POST /api/v1/auth/login 500 - 8.838 ms - message: data and hash arguments required
error: 2021-09-03 12:34:42 PM - POST /api/v1/auth/login 500 - 8.061 ms - message: data and hash arguments required
error: 2021-09-03 12:34:43 PM - POST /api/v1/auth/login 500 - 15.651 ms - message: data and hash arguments required
error: 2021-09-03 12:35:03 PM - POST /api/v1/auth/login 500 - 43.979 ms - message: data and hash arguments required
error: 2021-09-03 12:35:17 PM - POST /api/v1/auth/login 500 - 7.038 ms - message: data and hash arguments required
error: 2021-09-03 12:35:18 PM - POST /api/v1/auth/login 500 - 18.075 ms - message: data and hash arguments required
error: 2021-09-03 12:35:42 PM - POST /api/v1/auth/login 500 - 31.281 ms - message: data and hash arguments required
error: 2021-09-03 12:36:00 PM - POST /api/v1/auth/login 500 - 26.580 ms - message: data and hash arguments required
request: 2021-09-03 12:36:32 PM - GET /api/v1/user 200 - 11.353 ms
request: 2021-09-03 12:37:17 PM - GET /api/v1/user 200 - 20.799 ms
error: 2021-09-03 12:37:26 PM - POST /api/v1/auth/login 500 - 21.223 ms - message: data and hash arguments required
request: 2021-09-03 12:38:04 PM - POST /api/v1/auth/login 200 - 287.000 ms
request: 2021-09-03 12:39:00 PM - POST /api/v1/auth/login 200 - 409.561 ms
request: 2021-09-03 12:39:17 PM - POST /api/v1/auth/login 200 - 220.135 ms
error: 2021-09-03 12:39:56 PM - POST /api/v1/auth/login 500 - 22.850 ms - message: data and hash arguments required
error: 2021-09-03 12:40:49 PM - POST /api/v1/auth/login 500 - 94.081 ms - message: data and hash arguments required
error: 2021-09-03 12:41:19 PM - POST /api/v1/auth/login 500 - 24.849 ms - message: data and salt arguments required
error: 2021-09-03 12:42:39 PM - POST /api/v1/auth/login 500 - 26.780 ms - message: data and salt arguments required
request: 2021-09-03 12:42:49 PM - POST /api/v1/auth/login 200 - 18.962 ms
error: 2021-09-03 12:43:47 PM - POST /api/v1/auth/login 500 - 29.342 ms - message: data and salt arguments required
error: 2021-09-03 12:44:57 PM - POST /api/v1/auth/login 500 - 30.235 ms - message: data and hash arguments required
request: 2021-09-03 12:45:48 PM - POST /api/v1/auth/login 200 - 93.893 ms
request: 2021-09-03 12:46:51 PM - POST /api/v1/auth/login 200 - 89.451 ms
request: 2021-09-03 12:47:09 PM - POST /api/v1/auth/login 200 - 91.706 ms
request: 2021-09-03 12:47:26 PM - POST /api/v1/auth/login 200 - 85.031 ms
request: 2021-09-03 12:48:52 PM - POST /api/v1/auth/login 200 - 86.453 ms
request: 2021-09-03 12:55:53 PM - POST /api/v1/auth/login 200 - 86.786 ms
error: TokenExpiredError: jwt expired
    at C:\Users\teach\Desktop\Projects\Personal\Graduation_Backend\node_modules\jsonwebtoken\verify.js:152:21
    at getSecret (C:\Users\teach\Desktop\Projects\Personal\Graduation_Backend\node_modules\jsonwebtoken\verify.js:90:14)
    at Object.verify (C:\Users\teach\Desktop\Projects\Personal\Graduation_Backend\node_modules\jsonwebtoken\verify.js:94:10)
    at _callee2$ (C:\Users\teach\Desktop\Projects\Personal\Graduation_Backend\services\/token.service.js:16:16)
    at tryCatch (C:\Users\teach\Desktop\Projects\Personal\Graduation_Backend\node_modules\regenerator-runtime\runtime.js:63:40)
    at Generator.invoke [as _invoke] (C:\Users\teach\Desktop\Projects\Personal\Graduation_Backend\node_modules\regenerator-runtime\runtime.js:294:22)
    at Generator.next (C:\Users\teach\Desktop\Projects\Personal\Graduation_Backend\node_modules\regenerator-runtime\runtime.js:119:21)
    at asyncGeneratorStep (C:\Users\teach\Desktop\Projects\Personal\Graduation_Backend\services\token.service.js:16:103)
    at _next (C:\Users\teach\Desktop\Projects\Personal\Graduation_Backend\services\token.service.js:18:194)
    at C:\Users\teach\Desktop\Projects\Personal\Graduation_Backend\services\token.service.js:18:364
    at new Promise (<anonymous>)
    at Object.<anonymous> (C:\Users\teach\Desktop\Projects\Personal\Graduation_Backend\services\token.service.js:18:97)
    at Object.verifyToken (C:\Users\teach\Desktop\Projects\Personal\Graduation_Backend\services\/token.service.js:15:18)
    at _callee$ (C:\Users\teach\Desktop\Projects\Personal\Graduation_Backend\middlewares\/auth.js:11:43)
    at tryCatch (C:\Users\teach\Desktop\Projects\Personal\Graduation_Backend\node_modules\regenerator-runtime\runtime.js:63:40)
    at Generator.invoke [as _invoke] (C:\Users\teach\Desktop\Projects\Personal\Graduation_Backend\node_modules\regenerator-runtime\runtime.js:294:22)
request: 2021-09-03 04:55:05 PM - POST /api/v1/auth/login 200 - 90.475 ms
error: TokenExpiredError: jwt expired
    at C:\Users\teach\Desktop\Projects\Personal\Graduation_Backend\node_modules\jsonwebtoken\verify.js:152:21
    at getSecret (C:\Users\teach\Desktop\Projects\Personal\Graduation_Backend\node_modules\jsonwebtoken\verify.js:90:14)
    at Object.verify (C:\Users\teach\Desktop\Projects\Personal\Graduation_Backend\node_modules\jsonwebtoken\verify.js:94:10)
    at _callee2$ (C:\Users\teach\Desktop\Projects\Personal\Graduation_Backend\services\/token.service.js:16:16)
    at tryCatch (C:\Users\teach\Desktop\Projects\Personal\Graduation_Backend\node_modules\regenerator-runtime\runtime.js:63:40)
    at Generator.invoke [as _invoke] (C:\Users\teach\Desktop\Projects\Personal\Graduation_Backend\node_modules\regenerator-runtime\runtime.js:294:22)
    at Generator.next (C:\Users\teach\Desktop\Projects\Personal\Graduation_Backend\node_modules\regenerator-runtime\runtime.js:119:21)
    at asyncGeneratorStep (C:\Users\teach\Desktop\Projects\Personal\Graduation_Backend\services\token.service.js:16:103)
    at _next (C:\Users\teach\Desktop\Projects\Personal\Graduation_Backend\services\token.service.js:18:194)
    at C:\Users\teach\Desktop\Projects\Personal\Graduation_Backend\services\token.service.js:18:364
    at new Promise (<anonymous>)
    at Object.<anonymous> (C:\Users\teach\Desktop\Projects\Personal\Graduation_Backend\services\token.service.js:18:97)
    at Object.verifyToken (C:\Users\teach\Desktop\Projects\Personal\Graduation_Backend\services\/token.service.js:15:18)
    at _callee$ (C:\Users\teach\Desktop\Projects\Personal\Graduation_Backend\middlewares\/auth.js:11:43)
    at tryCatch (C:\Users\teach\Desktop\Projects\Personal\Graduation_Backend\node_modules\regenerator-runtime\runtime.js:63:40)
    at Generator.invoke [as _invoke] (C:\Users\teach\Desktop\Projects\Personal\Graduation_Backend\node_modules\regenerator-runtime\runtime.js:294:22)
error: 2021-09-03 04:56:27 PM - POST /api/v1/auth/login 500 - 97.901 ms - message: "exp" should be a number of seconds
request: 2021-09-03 04:57:45 PM - POST /api/v1/auth/login 200 - 85.631 ms
request: 2021-09-03 04:57:56 PM - POST /api/v1/user 201 - 16.995 ms
request: 2021-09-03 04:59:06 PM - POST /api/v1/user 201 - 30.168 ms
request: 2021-09-03 04:59:40 PM - POST /api/v1/auth/login 200 - 86.322 ms
request: 2021-09-03 04:59:50 PM - POST /api/v1/user 201 - 29.276 ms
request: 2021-09-03 07:12:57 PM - POST /api/v1/auth/login 200 - 100.143 ms
request: 2021-09-03 07:13:06 PM - POST /api/v1/user 201 - 16.072 ms
request: 2021-09-03 07:13:45 PM - GET /api/v1/user 200 - 25.504 ms
request: 2021-09-03 07:14:15 PM - GET /api/v1/user 200 - 33.652 ms
request: 2021-09-03 07:14:59 PM - POST /api/v1/auth/login 200 - 88.718 ms
request: 2021-09-03 07:15:10 PM - GET /api/v1/user 200 - 9.835 ms
error: 2021-09-03 07:17:02 PM - POST /api/v1/auth/login 401 - 93.773 ms - message: Incorrect email or password
error: 2021-09-03 07:17:09 PM - POST /api/v1/auth/login 401 - 2.433 ms - message: Incorrect email or password
request: 2021-09-03 07:17:14 PM - POST /api/v1/auth/login 200 - 72.841 ms
request: 2021-09-03 07:20:51 PM - POST /api/v1/auth/login 200 - 85.581 ms
error: 2021-09-03 07:22:15 PM - GET /api/v1/user 401 - 1.456 ms - message: Please authenticate
request: 2021-09-03 07:22:27 PM - POST /api/v1/auth/login 200 - 74.837 ms
request: 2021-09-03 07:22:37 PM - GET /api/v1/user 200 - 9.476 ms
error: TokenExpiredError: jwt expired
    at C:\Users\teach\Desktop\Projects\Personal\Graduation_Backend\node_modules\jsonwebtoken\verify.js:152:21
    at getSecret (C:\Users\teach\Desktop\Projects\Personal\Graduation_Backend\node_modules\jsonwebtoken\verify.js:90:14)
    at Object.verify (C:\Users\teach\Desktop\Projects\Personal\Graduation_Backend\node_modules\jsonwebtoken\verify.js:94:10)
    at _callee2$ (C:\Users\teach\Desktop\Projects\Personal\Graduation_Backend\services\/token.service.js:20:16)
    at tryCatch (C:\Users\teach\Desktop\Projects\Personal\Graduation_Backend\node_modules\regenerator-runtime\runtime.js:63:40)
    at Generator.invoke [as _invoke] (C:\Users\teach\Desktop\Projects\Personal\Graduation_Backend\node_modules\regenerator-runtime\runtime.js:294:22)
    at Generator.next (C:\Users\teach\Desktop\Projects\Personal\Graduation_Backend\node_modules\regenerator-runtime\runtime.js:119:21)
    at asyncGeneratorStep (C:\Users\teach\Desktop\Projects\Personal\Graduation_Backend\services\token.service.js:16:103)
    at _next (C:\Users\teach\Desktop\Projects\Personal\Graduation_Backend\services\token.service.js:18:194)
    at C:\Users\teach\Desktop\Projects\Personal\Graduation_Backend\services\token.service.js:18:364
    at new Promise (<anonymous>)
    at Object.<anonymous> (C:\Users\teach\Desktop\Projects\Personal\Graduation_Backend\services\token.service.js:18:97)
    at Object.verifyToken (C:\Users\teach\Desktop\Projects\Personal\Graduation_Backend\services\/token.service.js:19:18)
    at _callee$ (C:\Users\teach\Desktop\Projects\Personal\Graduation_Backend\middlewares\/auth.js:12:43)
    at tryCatch (C:\Users\teach\Desktop\Projects\Personal\Graduation_Backend\node_modules\regenerator-runtime\runtime.js:63:40)
    at Generator.invoke [as _invoke] (C:\Users\teach\Desktop\Projects\Personal\Graduation_Backend\node_modules\regenerator-runtime\runtime.js:294:22)
error: 2021-09-03 07:23:50 PM - GET /api/v1/user 500 - 10.506 ms - message: jwt expired
error: 2021-09-03 07:24:07 PM - GET /api/v1/user 401 - 2.833 ms - message: Please authenticate
error: 2021-09-03 07:24:12 PM - GET /api/v1/user 500 - 7.157 ms - message: jwt expired
error: 2021-09-03 07:24:49 PM - GET /api/v1/user 500 - 9.966 ms - message: Cannot read property 'exp' of undefined
error: 2021-09-03 07:24:58 PM - GET /api/v1/user 500 - 9.427 ms - message: jwt expired
request: 2021-09-03 07:25:08 PM - POST /api/v1/auth/login 200 - 101.195 ms
request: 2021-09-03 07:25:13 PM - GET /api/v1/user 200 - 8.897 ms
request: 2021-09-03 07:25:29 PM - GET /api/v1/user 200 - 28.653 ms
error: 2021-09-03 07:27:32 PM - GET /api/v1/user 500 - 9.994 ms - message: jwt expired
request: 2021-09-03 07:27:34 PM - POST /api/v1/auth/login 200 - 112.623 ms
error: 2021-09-03 07:27:40 PM - GET /api/v1/user 500 - 1.052 ms - message: jwt malformed
request: 2021-09-03 07:27:48 PM - GET /api/v1/user 200 - 11.280 ms
request: 2021-09-03 07:28:13 PM - POST /api/v1/auth/login 200 - 97.081 ms
request: 2021-09-03 07:28:18 PM - GET /api/v1/user 200 - 13.652 ms
error: 2021-09-03 07:28:48 PM - POST /api/v1/auth/login 500 - 99.033 ms - message: Bad "options.expiresIn" option the payload already has an "exp" property.
request: 2021-09-03 07:28:58 PM - POST /api/v1/auth/login 200 - 84.957 ms
request: 2021-09-03 07:29:04 PM - GET /api/v1/user 200 - 11.083 ms
request: 2021-09-03 07:29:51 PM - POST /api/v1/auth/login 200 - 95.499 ms
request: 2021-09-03 07:29:56 PM - GET /api/v1/user 200 - 9.967 ms
request: 2021-09-03 07:30:09 PM - GET /api/v1/user 200 - 25.923 ms
request: 2021-09-03 07:30:27 PM - GET /api/v1/user 200 - 27.324 ms
error: 2021-09-03 07:32:01 PM - GET /api/v1/user 500 - 7.555 ms - message: jwt expired
request: 2021-09-03 07:33:42 PM - POST /api/v1/auth/login 200 - 83.290 ms
error: 2021-09-03 07:33:46 PM - GET /api/v1/user 500 - 7.916 ms - message: jwt expired
request: 2021-09-03 07:33:49 PM - GET /api/v1/user 200 - 6.970 ms
request: 2021-09-03 07:36:52 PM - POST /api/v1/auth/login 200 - 106.557 ms
request: 2021-09-03 07:37:15 PM - POST /api/v1/auth/login 200 - 89.049 ms
request: 2021-09-03 07:43:25 PM - POST /api/v1/auth/login 200 - 85.989 ms
error: 2021-09-03 07:43:27 PM - GET /api/v1/user 500 - 10.686 ms - message: jwt expired
request: 2021-09-03 07:43:34 PM - GET /api/v1/user 200 - 4.515 ms
error: 2021-09-03 07:49:16 PM TokenExpiredError: jwt expired
    at C:\Users\teach\Desktop\Projects\Personal\Graduation_Backend\node_modules\jsonwebtoken\verify.js:152:21
    at getSecret (C:\Users\teach\Desktop\Projects\Personal\Graduation_Backend\node_modules\jsonwebtoken\verify.js:90:14)
    at Object.verify (C:\Users\teach\Desktop\Projects\Personal\Graduation_Backend\node_modules\jsonwebtoken\verify.js:94:10)
    at _callee$ (C:\Users\teach\Desktop\Projects\Personal\Graduation_Backend\services\/token.service.js:28:16)
    at tryCatch (C:\Users\teach\Desktop\Projects\Personal\Graduation_Backend\node_modules\regenerator-runtime\runtime.js:63:40)
    at Generator.invoke [as _invoke] (C:\Users\teach\Desktop\Projects\Personal\Graduation_Backend\node_modules\regenerator-runtime\runtime.js:294:22)
    at Generator.next (C:\Users\teach\Desktop\Projects\Personal\Graduation_Backend\node_modules\regenerator-runtime\runtime.js:119:21)
    at asyncGeneratorStep (C:\Users\teach\Desktop\Projects\Personal\Graduation_Backend\services\token.service.js:16:103)
    at _next (C:\Users\teach\Desktop\Projects\Personal\Graduation_Backend\services\token.service.js:18:194)
    at C:\Users\teach\Desktop\Projects\Personal\Graduation_Backend\services\token.service.js:18:364
    at new Promise (<anonymous>)
    at Object.<anonymous> (C:\Users\teach\Desktop\Projects\Personal\Graduation_Backend\services\token.service.js:18:97)
    at Object.verifyToken (C:\Users\teach\Desktop\Projects\Personal\Graduation_Backend\services\/token.service.js:27:18)
    at _callee$ (C:\Users\teach\Desktop\Projects\Personal\Graduation_Backend\middlewares\/auth.js:12:32)
    at tryCatch (C:\Users\teach\Desktop\Projects\Personal\Graduation_Backend\node_modules\regenerator-runtime\runtime.js:63:40)
    at Generator.invoke [as _invoke] (C:\Users\teach\Desktop\Projects\Personal\Graduation_Backend\node_modules\regenerator-runtime\runtime.js:294:22)
error: 2021-09-03 07:49:16 PM GET /api/v1/user 500 - 14.236 ms - message: TokenExpiredError: jwt expired
    at C:\Users\teach\Desktop\Projects\Personal\Graduation_Backend\node_modules\jsonwebtoken\verify.js:152:21
    at getSecret (C:\Users\teach\Desktop\Projects\Personal\Graduation_Backend\node_modules\jsonwebtoken\verify.js:90:14)
    at Object.verify (C:\Users\teach\Desktop\Projects\Personal\Graduation_Backend\node_modules\jsonwebtoken\verify.js:94:10)
    at _callee$ (C:\Users\teach\Desktop\Projects\Personal\Graduation_Backend\services\/token.service.js:28:16)
    at tryCatch (C:\Users\teach\Desktop\Projects\Personal\Graduation_Backend\node_modules\regenerator-runtime\runtime.js:63:40)
    at Generator.invoke [as _invoke] (C:\Users\teach\Desktop\Projects\Personal\Graduation_Backend\node_modules\regenerator-runtime\runtime.js:294:22)
    at Generator.next (C:\Users\teach\Desktop\Projects\Personal\Graduation_Backend\node_modules\regenerator-runtime\runtime.js:119:21)
    at asyncGeneratorStep (C:\Users\teach\Desktop\Projects\Personal\Graduation_Backend\services\token.service.js:16:103)
    at _next (C:\Users\teach\Desktop\Projects\Personal\Graduation_Backend\services\token.service.js:18:194)
    at C:\Users\teach\Desktop\Projects\Personal\Graduation_Backend\services\token.service.js:18:364
    at new Promise (<anonymous>)
    at Object.<anonymous> (C:\Users\teach\Desktop\Projects\Personal\Graduation_Backend\services\token.service.js:18:97)
    at Object.verifyToken (C:\Users\teach\Desktop\Projects\Personal\Graduation_Backend\services\/token.service.js:27:18)
    at _callee$ (C:\Users\teach\Desktop\Projects\Personal\Graduation_Backend\middlewares\/auth.js:12:32)
    at tryCatch (C:\Users\teach\Desktop\Projects\Personal\Graduation_Backend\node_modules\regenerator-runtime\runtime.js:63:40)
    at Generator.invoke [as _invoke] (C:\Users\teach\Desktop\Projects\Personal\Graduation_Backend\node_modules\regenerator-runtime\runtime.js:294:22)
error: 2021-09-03 07:49:36 PM GET /api/v1/user 500 - 17.877 ms - message: jwt expired
error: 2021-09-03 07:49:46 PM GET /api/v1/user 500 - 10.538 ms - message: jwt expired
error: 2021-09-03 07:49:59 PM jwt expired
error: 2021-09-03 07:49:59 PM GET /api/v1/user 500 - 11.238 ms - message: jwt expired
error: 2021-09-03 07:50:16 PM GET /api/v1/user 500 - 8.465 ms - message: jwt expired
request: 2021-09-03 08:31:53 PM POST /api/v1/auth/login 200 - 87.010 ms
request: 2021-09-03 08:31:59 PM GET /api/v1/user 200 - 6.004 ms
request: 2021-09-03 08:32:22 PM GET /api/v1/user 200 - 20.377 ms
request: 2021-09-03 08:32:33 PM GET /api/v1/user 200 - 24.227 ms
request: 2021-09-03 08:32:42 PM GET /api/v1/user 200 - 28.490 ms
request: 2021-09-03 10:00:24 PM POST /api/v1/auth/login 200 - 82.341 ms
request: 2021-09-03 10:00:35 PM GET /api/v1/user 200 - 12.903 ms
request: 2021-09-03 10:00:54 PM GET /api/v1/user 200 - 21.876 ms
error: 2021-09-03 10:33:36 PM GET /api/v1/user 500 - 7.451 ms - message: jwt expired
error: 2021-09-03 10:34:09 PM GET /api/v1/user 500 - 9.986 ms - message: jwt expired
error: 2021-09-03 10:34:31 PM GET /api/v1/user 401 - 4.363 ms - message: Please authenticate
error: 2021-09-03 10:34:41 PM GET /api/v1/user 500 - 9.933 ms - message: jwt expired
error: 2021-09-03 10:35:33 PM GET /api/v1/user 401 - 7.333 ms - message: token expired
error: 2021-09-03 10:35:58 PM GET /api/v1/user 500 - 4.474 ms - message: token expired
error: 2021-09-03 10:36:09 PM GET /api/v1/user 401 - 4.956 ms - message: token expired
error: 2021-09-03 10:36:23 PM GET /api/v1/user 401 - 5.513 ms - message: token expired
error: 2021-09-03 10:37:08 PM GET /api/v1/user 401 - 5.463 ms - message: token expired
error: 2021-09-03 10:37:09 PM GET /api/v1/user 401 - 1.002 ms - message: token expired
error: 2021-09-03 10:37:10 PM GET /api/v1/user 401 - 0.626 ms - message: token expired
error: 2021-09-03 10:37:10 PM GET /api/v1/user 401 - 0.671 ms - message: token expired
error: 2021-09-03 10:37:10 PM GET /api/v1/user 401 - 0.495 ms - message: token expired
error: 2021-09-03 10:37:10 PM GET /api/v1/user 401 - 0.470 ms - message: token expired
error: 2021-09-03 10:37:10 PM GET /api/v1/user 401 - 0.526 ms - message: token expired
request: 2021-09-03 10:37:16 PM POST /api/v1/auth/login 200 - 103.475 ms
request: 2021-09-03 10:37:22 PM GET /api/v1/user 200 - 15.419 ms
